Using pre-set license
Built from '2020.2/release' branch; Version is '2020.2.1f1 (270dd8c3da1c) revision 2559448'; Using compiler version '192528614'; Build Type 'Release'
OS: 'Windows 10  (10.0.0) 64bit' Language: 'en' Physical Memory: 11976 MB
BatchMode: 1, IsHumanControllingUs: 0, StartBugReporterOnCrash: 0, Is64bit: 1, IsPro: 0

 COMMAND LINE ARGUMENTS:
C:\Program Files\Unity\Hub\Editor\2020.2.1f1\Editor\Unity.exe
-adb2
-batchMode
-noUpm
-name
AssetImportWorker0
-projectPath
C:/Users/jrcro/UnityProjects/Shoot-Ship
-logFile
Logs/AssetImportWorker0.log
-srvPort
58656
Successfully changed project path to: C:/Users/jrcro/UnityProjects/Shoot-Ship
C:/Users/jrcro/UnityProjects/Shoot-Ship
Using Asset Import Pipeline V2.
Refreshing native plugins compatible for Editor in 90.83 ms, found 1 plugins.
Preloading 0 native plugins for Editor in 0.00 ms.
Initialize engine version: 2020.2.1f1 (270dd8c3da1c)
[Subsystems] Discovering subsystems at path C:/Program Files/Unity/Hub/Editor/2020.2.1f1/Editor/Data/Resources/UnitySubsystems
[Subsystems] Discovering subsystems at path C:/Users/jrcro/UnityProjects/Shoot-Ship/Assets
GfxDevice: creating device client; threaded=0
Direct3D:
    Version:  Direct3D 11.0 [level 11.1]
    Renderer: Intel(R) UHD Graphics (ID=0x8a56)
    Vendor:   
    VRAM:     5988 MB
    Driver:   27.20.100.8681
Initialize mono
Mono path[0] = 'C:/Program Files/Unity/Hub/Editor/2020.2.1f1/Editor/Data/Managed'
Mono path[1] = 'C:/Program Files/Unity/Hub/Editor/2020.2.1f1/Editor/Data/MonoBleedingEdge/lib/mono/unityjit'
Mono config path = 'C:/Program Files/Unity/Hub/Editor/2020.2.1f1/Editor/Data/MonoBleedingEdge/etc'
Using monoOptions --debugger-agent=transport=dt_socket,embedding=1,server=y,suspend=n,address=127.0.0.1:56752
Begin MonoManager ReloadAssembly
Registering precompiled unity dll's ...
Register platform support module: C:/Program Files/Unity/Hub/Editor/2020.2.1f1/Editor/Data/PlaybackEngines/WindowsStandaloneSupport/UnityEditor.WindowsStandalone.Extensions.dll
Registered in 0.003668 seconds.
Native extension for WindowsStandalone target not found
Refreshing native plugins compatible for Editor in 93.84 ms, found 1 plugins.
Preloading 0 native plugins for Editor in 0.00 ms.
Invoked RoslynAnalysisRunner static constructor.
RoslynAnalysisRunner will not be running.
RoslynAnalysisRunner has terminated.
Mono: successfully reloaded assembly
- Completed reload, in  1.921 seconds
Platform modules already initialized, skipping
Registering precompiled user dll's ...
Registered in 0.001633 seconds.
Begin MonoManager ReloadAssembly
Native extension for WindowsStandalone target not found
Refreshing native plugins compatible for Editor in 63.90 ms, found 1 plugins.
Preloading 0 native plugins for Editor in 0.00 ms.
Invoked RoslynAnalysisRunner static constructor.
RoslynAnalysisRunner will not be running.
RoslynAnalysisRunner has terminated.
Mono: successfully reloaded assembly
- Completed reload, in  1.644 seconds
Platform modules already initialized, skipping
========================================================================
Worker process is ready to serve import requests
Launched and connected shader compiler UnityShaderCompiler.exe after 0.04 seconds
Refreshing native plugins compatible for Editor in 0.40 ms, found 1 plugins.
Preloading 0 native plugins for Editor in 0.00 ms.
Unloading 2093 Unused Serialized files (Serialized files now loaded: 0)
System memory in use before: 94.6 MB.
System memory in use after: 94.5 MB.

Unloading 26 unused Assets to reduce memory usage. Loaded Objects now: 2534.
Total: 2.727500 ms (FindLiveObjects: 0.467000 ms CreateObjectMapping: 0.139000 ms MarkObjects: 1.984100 ms  DeleteObjects: 0.135300 ms)

========================================================================
Received Import Request.
  path: Assets/Scripts/Character.cs
  artifactKey: Guid(e84e2d6de0f30924fab38efd3e04ef60) Importer(815301076,1909f56bfc062723c751e8b465ee728b)
Start importing Assets/Scripts/Character.cs using Guid(e84e2d6de0f30924fab38efd3e04ef60) Importer(815301076,1909f56bfc062723c751e8b465ee728b)  -> (artifact id: 'd1ec40aa363179966b62a769f9bf3817') in 0.033876 seconds
  Import took 0.044678 seconds .

========================================================================
Received Prepare
Registering precompiled user dll's ...
Registered in 0.001831 seconds.
Begin MonoManager ReloadAssembly
Native extension for WindowsStandalone target not found
Refreshing native plugins compatible for Editor in 0.53 ms, found 1 plugins.
Preloading 0 native plugins for Editor in 0.00 ms.
Invoked RoslynAnalysisRunner static constructor.
RoslynAnalysisRunner will not be running.
RoslynAnalysisRunner has terminated.
Mono: successfully reloaded assembly
- Completed reload, in  1.473 seconds
Platform modules already initialized, skipping
Refreshing native plugins compatible for Editor in 0.84 ms, found 1 plugins.
Preloading 0 native plugins for Editor in 0.00 ms.
Unloading 2087 Unused Serialized files (Serialized files now loaded: 0)
System memory in use before: 94.7 MB.
System memory in use after: 94.7 MB.

Unloading 12 unused Assets to reduce memory usage. Loaded Objects now: 2537.
Total: 3.264500 ms (FindLiveObjects: 0.431800 ms CreateObjectMapping: 0.189200 ms MarkObjects: 2.446300 ms  DeleteObjects: 0.195000 ms)

========================================================================
Received Import Request.
  Time since last request: 47.033923 seconds.
  path: Assets/Scripts/BulletBehavior.cs
  artifactKey: Guid(14e9671fb8db9064885d4d0aa26c8563) Importer(815301076,1909f56bfc062723c751e8b465ee728b)
Start importing Assets/Scripts/BulletBehavior.cs using Guid(14e9671fb8db9064885d4d0aa26c8563) Importer(815301076,1909f56bfc062723c751e8b465ee728b)  -> (artifact id: '3889b0b9277954a86be565fbc00d78f8') in 0.024414 seconds
  Import took 0.033414 seconds .

========================================================================
Received Import Request.
  Time since last request: 0.009742 seconds.
  path: Assets/Scripts/BulletBehavior.cs
  artifactKey: Guid(14e9671fb8db9064885d4d0aa26c8563) Importer(815301076,1909f56bfc062723c751e8b465ee728b)
Start importing Assets/Scripts/BulletBehavior.cs using Guid(14e9671fb8db9064885d4d0aa26c8563) Importer(815301076,1909f56bfc062723c751e8b465ee728b)  -> (artifact id: '3889b0b9277954a86be565fbc00d78f8') in 0.004791 seconds
  Import took 0.011735 seconds .

========================================================================
Received Prepare
Registering precompiled user dll's ...
Registered in 0.001085 seconds.
Begin MonoManager ReloadAssembly
Native extension for WindowsStandalone target not found
Refreshing native plugins compatible for Editor in 0.47 ms, found 1 plugins.
Preloading 0 native plugins for Editor in 0.00 ms.
Invoked RoslynAnalysisRunner static constructor.
RoslynAnalysisRunner will not be running.
RoslynAnalysisRunner has terminated.
Mono: successfully reloaded assembly
- Completed reload, in  1.334 seconds
Platform modules already initialized, skipping
Refreshing native plugins compatible for Editor in 0.87 ms, found 1 plugins.
Preloading 0 native plugins for Editor in 0.00 ms.
Unloading 2087 Unused Serialized files (Serialized files now loaded: 0)
System memory in use before: 94.8 MB.
System memory in use after: 94.8 MB.

Unloading 12 unused Assets to reduce memory usage. Loaded Objects now: 2540.
Total: 2.152700 ms (FindLiveObjects: 0.215100 ms CreateObjectMapping: 0.111000 ms MarkObjects: 1.716800 ms  DeleteObjects: 0.105700 ms)

========================================================================
Received Import Request.
  Time since last request: 74.681574 seconds.
  path: Assets/Scripts/PlayerWeaponBehavior.cs
  artifactKey: Guid(0a1debf25f598b24bb7cf72812f40db5) Importer(815301076,1909f56bfc062723c751e8b465ee728b)
Start importing Assets/Scripts/PlayerWeaponBehavior.cs using Guid(0a1debf25f598b24bb7cf72812f40db5) Importer(815301076,1909f56bfc062723c751e8b465ee728b)  -> (artifact id: '7aae2fd5cc3665aa16017620ff3f2bae') in 0.006641 seconds
  Import took 0.013643 seconds .

========================================================================
Received Prepare
Registering precompiled user dll's ...
Registered in 0.001250 seconds.
Begin MonoManager ReloadAssembly
Native extension for WindowsStandalone target not found
Refreshing native plugins compatible for Editor in 0.75 ms, found 1 plugins.
Preloading 0 native plugins for Editor in 0.00 ms.
Invoked RoslynAnalysisRunner static constructor.
RoslynAnalysisRunner will not be running.
RoslynAnalysisRunner has terminated.
Mono: successfully reloaded assembly
- Completed reload, in  1.586 seconds
Platform modules already initialized, skipping
Refreshing native plugins compatible for Editor in 0.73 ms, found 1 plugins.
Preloading 0 native plugins for Editor in 0.00 ms.
Unloading 2087 Unused Serialized files (Serialized files now loaded: 0)
System memory in use before: 94.9 MB.
System memory in use after: 94.9 MB.

Unloading 12 unused Assets to reduce memory usage. Loaded Objects now: 2543.
Total: 2.469600 ms (FindLiveObjects: 0.275000 ms CreateObjectMapping: 0.091300 ms MarkObjects: 2.004500 ms  DeleteObjects: 0.097400 ms)

========================================================================
Received Import Request.
  Time since last request: 51.605831 seconds.
  path: Assets/Scripts/PlayerWeaponBehavior.cs
  artifactKey: Guid(0a1debf25f598b24bb7cf72812f40db5) Importer(815301076,1909f56bfc062723c751e8b465ee728b)
Start importing Assets/Scripts/PlayerWeaponBehavior.cs using Guid(0a1debf25f598b24bb7cf72812f40db5) Importer(815301076,1909f56bfc062723c751e8b465ee728b)  -> (artifact id: '85f353131081d9767be8a78e84fcb54a') in 0.009450 seconds
  Import took 0.017493 seconds .

========================================================================
Received Prepare
Registering precompiled user dll's ...
Registered in 0.001108 seconds.
Begin MonoManager ReloadAssembly
Native extension for WindowsStandalone target not found
Refreshing native plugins compatible for Editor in 1.48 ms, found 1 plugins.
Preloading 0 native plugins for Editor in 0.00 ms.
Invoked RoslynAnalysisRunner static constructor.
RoslynAnalysisRunner will not be running.
RoslynAnalysisRunner has terminated.
Mono: successfully reloaded assembly
- Completed reload, in  1.479 seconds
Platform modules already initialized, skipping
Refreshing native plugins compatible for Editor in 0.54 ms, found 1 plugins.
Preloading 0 native plugins for Editor in 0.00 ms.
Unloading 2087 Unused Serialized files (Serialized files now loaded: 0)
System memory in use before: 95.0 MB.
System memory in use after: 95.0 MB.

Unloading 12 unused Assets to reduce memory usage. Loaded Objects now: 2546.
Total: 3.342700 ms (FindLiveObjects: 0.444700 ms CreateObjectMapping: 0.132300 ms MarkObjects: 2.556000 ms  DeleteObjects: 0.207800 ms)

========================================================================
Received Import Request.
  Time since last request: 41.716377 seconds.
  path: Assets/Scripts/PlayerWeaponBehavior.cs
  artifactKey: Guid(0a1debf25f598b24bb7cf72812f40db5) Importer(815301076,1909f56bfc062723c751e8b465ee728b)
Start importing Assets/Scripts/PlayerWeaponBehavior.cs using Guid(0a1debf25f598b24bb7cf72812f40db5) Importer(815301076,1909f56bfc062723c751e8b465ee728b)  -> (artifact id: '888362963e40e4be0f48480cc7362abb') in 0.011263 seconds
  Import took 0.018146 seconds .

========================================================================
Received Import Request.
  Time since last request: 0.034414 seconds.
  path: Assets/Scripts/PlayerWeaponBehavior.cs
  artifactKey: Guid(0a1debf25f598b24bb7cf72812f40db5) Importer(815301076,1909f56bfc062723c751e8b465ee728b)
Start importing Assets/Scripts/PlayerWeaponBehavior.cs using Guid(0a1debf25f598b24bb7cf72812f40db5) Importer(815301076,1909f56bfc062723c751e8b465ee728b)  -> (artifact id: '888362963e40e4be0f48480cc7362abb') in 0.003794 seconds
  Import took 0.010764 seconds .

========================================================================
Received Prepare
Registering precompiled user dll's ...
Registered in 0.001126 seconds.
Begin MonoManager ReloadAssembly
Native extension for WindowsStandalone target not found
Refreshing native plugins compatible for Editor in 0.55 ms, found 1 plugins.
Preloading 0 native plugins for Editor in 0.00 ms.
Invoked RoslynAnalysisRunner static constructor.
RoslynAnalysisRunner will not be running.
RoslynAnalysisRunner has terminated.
Mono: successfully reloaded assembly
- Completed reload, in  1.495 seconds
Platform modules already initialized, skipping
Refreshing native plugins compatible for Editor in 0.47 ms, found 1 plugins.
Preloading 0 native plugins for Editor in 0.00 ms.
Unloading 2087 Unused Serialized files (Serialized files now loaded: 0)
System memory in use before: 95.1 MB.
System memory in use after: 95.1 MB.

Unloading 12 unused Assets to reduce memory usage. Loaded Objects now: 2549.
Total: 3.753300 ms (FindLiveObjects: 0.195300 ms CreateObjectMapping: 0.080000 ms MarkObjects: 3.361800 ms  DeleteObjects: 0.114700 ms)

========================================================================
Received Prepare
Registering precompiled user dll's ...
Registered in 0.001893 seconds.
Begin MonoManager ReloadAssembly
Native extension for WindowsStandalone target not found
Refreshing native plugins compatible for Editor in 0.34 ms, found 1 plugins.
Preloading 0 native plugins for Editor in 0.00 ms.
Invoked RoslynAnalysisRunner static constructor.
RoslynAnalysisRunner will not be running.
RoslynAnalysisRunner has terminated.
Mono: successfully reloaded assembly
- Completed reload, in  1.403 seconds
Platform modules already initialized, skipping
Refreshing native plugins compatible for Editor in 0.38 ms, found 1 plugins.
Preloading 0 native plugins for Editor in 0.00 ms.
Unloading 2087 Unused Serialized files (Serialized files now loaded: 0)
System memory in use before: 95.2 MB.
System memory in use after: 95.2 MB.

Unloading 12 unused Assets to reduce memory usage. Loaded Objects now: 2552.
Total: 2.694200 ms (FindLiveObjects: 0.486500 ms CreateObjectMapping: 0.116100 ms MarkObjects: 1.975500 ms  DeleteObjects: 0.114500 ms)

========================================================================
Received Import Request.
  Time since last request: 79.273611 seconds.
  path: Assets/Scripts/PlayerWeaponBehavior.cs
  artifactKey: Guid(0a1debf25f598b24bb7cf72812f40db5) Importer(815301076,1909f56bfc062723c751e8b465ee728b)
Start importing Assets/Scripts/PlayerWeaponBehavior.cs using Guid(0a1debf25f598b24bb7cf72812f40db5) Importer(815301076,1909f56bfc062723c751e8b465ee728b)  -> (artifact id: '75e1577db7a4e088341e47a127526409') in 0.006456 seconds
  Import took 0.014379 seconds .

========================================================================
Received Prepare
Registering precompiled user dll's ...
Registered in 0.002761 seconds.
Begin MonoManager ReloadAssembly
Native extension for WindowsStandalone target not found
Refreshing native plugins compatible for Editor in 0.60 ms, found 1 plugins.
Preloading 0 native plugins for Editor in 0.00 ms.
Invoked RoslynAnalysisRunner static constructor.
RoslynAnalysisRunner will not be running.
RoslynAnalysisRunner has terminated.
Mono: successfully reloaded assembly
- Completed reload, in  1.596 seconds
Platform modules already initialized, skipping
Refreshing native plugins compatible for Editor in 0.45 ms, found 1 plugins.
Preloading 0 native plugins for Editor in 0.00 ms.
Unloading 2087 Unused Serialized files (Serialized files now loaded: 0)
System memory in use before: 95.2 MB.
System memory in use after: 95.3 MB.

Unloading 12 unused Assets to reduce memory usage. Loaded Objects now: 2555.
Total: 2.861200 ms (FindLiveObjects: 0.339000 ms CreateObjectMapping: 0.102100 ms MarkObjects: 2.297500 ms  DeleteObjects: 0.120900 ms)

========================================================================
Received Prepare
Registering precompiled user dll's ...
Registered in 0.001211 seconds.
Begin MonoManager ReloadAssembly
Native extension for WindowsStandalone target not found
Refreshing native plugins compatible for Editor in 0.64 ms, found 1 plugins.
Preloading 0 native plugins for Editor in 0.00 ms.
Invoked RoslynAnalysisRunner static constructor.
RoslynAnalysisRunner will not be running.
RoslynAnalysisRunner has terminated.
Mono: successfully reloaded assembly
- Completed reload, in  1.519 seconds
Platform modules already initialized, skipping
Refreshing native plugins compatible for Editor in 0.40 ms, found 1 plugins.
Preloading 0 native plugins for Editor in 0.00 ms.
Unloading 2087 Unused Serialized files (Serialized files now loaded: 0)
System memory in use before: 95.3 MB.
System memory in use after: 95.3 MB.

Unloading 12 unused Assets to reduce memory usage. Loaded Objects now: 2558.
Total: 3.223400 ms (FindLiveObjects: 0.524300 ms CreateObjectMapping: 0.196900 ms MarkObjects: 2.354300 ms  DeleteObjects: 0.145400 ms)

========================================================================
Received Prepare
Registering precompiled user dll's ...
Registered in 0.001634 seconds.
Begin MonoManager ReloadAssembly
Native extension for WindowsStandalone target not found
Refreshing native plugins compatible for Editor in 0.37 ms, found 1 plugins.
Preloading 0 native plugins for Editor in 0.00 ms.
Invoked RoslynAnalysisRunner static constructor.
RoslynAnalysisRunner will not be running.
RoslynAnalysisRunner has terminated.
Mono: successfully reloaded assembly
- Completed reload, in  1.301 seconds
Platform modules already initialized, skipping
Refreshing native plugins compatible for Editor in 0.49 ms, found 1 plugins.
Preloading 0 native plugins for Editor in 0.00 ms.
Unloading 2087 Unused Serialized files (Serialized files now loaded: 0)
System memory in use before: 95.4 MB.
System memory in use after: 95.4 MB.

Unloading 12 unused Assets to reduce memory usage. Loaded Objects now: 2561.
Total: 2.743600 ms (FindLiveObjects: 0.378100 ms CreateObjectMapping: 0.093900 ms MarkObjects: 2.080300 ms  DeleteObjects: 0.188900 ms)

========================================================================
Received Prepare
Registering precompiled user dll's ...
Registered in 0.001132 seconds.
Begin MonoManager ReloadAssembly
Native extension for WindowsStandalone target not found
Refreshing native plugins compatible for Editor in 0.64 ms, found 1 plugins.
Preloading 0 native plugins for Editor in 0.00 ms.
Invoked RoslynAnalysisRunner static constructor.
RoslynAnalysisRunner will not be running.
RoslynAnalysisRunner has terminated.
Mono: successfully reloaded assembly
- Completed reload, in  1.416 seconds
Platform modules already initialized, skipping
Refreshing native plugins compatible for Editor in 0.34 ms, found 1 plugins.
Preloading 0 native plugins for Editor in 0.00 ms.
Unloading 2087 Unused Serialized files (Serialized files now loaded: 0)
System memory in use before: 95.5 MB.
System memory in use after: 95.5 MB.

Unloading 12 unused Assets to reduce memory usage. Loaded Objects now: 2564.
Total: 5.418500 ms (FindLiveObjects: 0.615500 ms CreateObjectMapping: 0.125000 ms MarkObjects: 4.507400 ms  DeleteObjects: 0.168600 ms)

AssetImportWorkerClient::OnTransportError - code=2 error=End of file
